<?xml version="1.0" encoding="UTF-8"?>
<testsuite name="com.project.gradle.springboot.web.IndexControllerTest" tests="1" skipped="0" failures="0" errors="0" timestamp="2020-06-11T13:18:06" hostname="user" time="1.087">
  <properties/>
  <testcase name="메인페이지_로딩" classname="com.project.gradle.springboot.web.IndexControllerTest" time="1.087"/>
  <system-out><![CDATA[22:17:48.920 [Test worker] DEBUG org.springframework.test.context.junit4.SpringJUnit4ClassRunner - SpringJUnit4ClassRunner constructor called with [class com.project.gradle.springboot.web.IndexControllerTest]
22:17:48.939 [Test worker] DEBUG org.springframework.test.context.BootstrapUtils - Instantiating CacheAwareContextLoaderDelegate from class [org.springframework.test.context.cache.DefaultCacheAwareContextLoaderDelegate]
22:17:48.981 [Test worker] DEBUG org.springframework.test.context.BootstrapUtils - Instantiating BootstrapContext using constructor [public org.springframework.test.context.support.DefaultBootstrapContext(java.lang.Class,org.springframework.test.context.CacheAwareContextLoaderDelegate)]
22:17:49.034 [Test worker] DEBUG org.springframework.test.context.BootstrapUtils - Instantiating TestContextBootstrapper for test class [com.project.gradle.springboot.web.IndexControllerTest] from class [org.springframework.boot.test.context.SpringBootTestContextBootstrapper]
22:17:49.087 [Test worker] INFO org.springframework.boot.test.context.SpringBootTestContextBootstrapper - Neither @ContextConfiguration nor @ContextHierarchy found for test class [com.project.gradle.springboot.web.IndexControllerTest], using SpringBootContextLoader
22:17:49.099 [Test worker] DEBUG org.springframework.test.context.support.AbstractContextLoader - Did not detect default resource location for test class [com.project.gradle.springboot.web.IndexControllerTest]: class path resource [com/project/gradle/springboot/web/IndexControllerTest-context.xml] does not exist
22:17:49.100 [Test worker] DEBUG org.springframework.test.context.support.AbstractContextLoader - Did not detect default resource location for test class [com.project.gradle.springboot.web.IndexControllerTest]: class path resource [com/project/gradle/springboot/web/IndexControllerTestContext.groovy] does not exist
22:17:49.101 [Test worker] INFO org.springframework.test.context.support.AbstractContextLoader - Could not detect default resource locations for test class [com.project.gradle.springboot.web.IndexControllerTest]: no resource found for suffixes {-context.xml, Context.groovy}.
22:17:49.103 [Test worker] INFO org.springframework.test.context.support.AnnotationConfigContextLoaderUtils - Could not detect default configuration classes for test class [com.project.gradle.springboot.web.IndexControllerTest]: IndexControllerTest does not declare any static, non-private, non-final, nested classes annotated with @Configuration.
22:17:49.254 [Test worker] DEBUG org.springframework.test.context.support.ActiveProfilesUtils - Could not find an 'annotation declaring class' for annotation type [org.springframework.test.context.ActiveProfiles] and class [com.project.gradle.springboot.web.IndexControllerTest]
22:17:49.569 [Test worker] DEBUG org.springframework.context.annotation.ClassPathScanningCandidateComponentProvider - Identified candidate component class: file [C:\Users\userPC\Desktop\gradle_project\build\classes\java\main\com\project\gradle\springboot\Application.class]
22:17:49.576 [Test worker] INFO org.springframework.boot.test.context.SpringBootTestContextBootstrapper - Found @SpringBootConfiguration com.project.gradle.springboot.Application for test class com.project.gradle.springboot.web.IndexControllerTest
22:17:49.890 [Test worker] DEBUG org.springframework.boot.test.context.SpringBootTestContextBootstrapper - @TestExecutionListeners is not present for class [com.project.gradle.springboot.web.IndexControllerTest]: using defaults.
22:17:49.891 [Test worker] INFO org.springframework.boot.test.context.SpringBootTestContextBootstrapper - Loaded default TestExecutionListener class names from location [META-INF/spring.factories]: [org.springframework.boot.test.autoconfigure.restdocs.RestDocsTestExecutionListener, org.springframework.boot.test.autoconfigure.web.client.MockRestServiceServerResetTestExecutionListener, org.springframework.boot.test.autoconfigure.web.servlet.MockMvcPrintOnlyOnFailureTestExecutionListener, org.springframework.boot.test.autoconfigure.web.servlet.WebDriverTestExecutionListener, org.springframework.boot.test.mock.mockito.MockitoTestExecutionListener, org.springframework.boot.test.mock.mockito.ResetMocksTestExecutionListener, org.springframework.test.context.web.ServletTestExecutionListener, org.springframework.test.context.support.DirtiesContextBeforeModesTestExecutionListener, org.springframework.test.context.support.DependencyInjectionTestExecutionListener, org.springframework.test.context.support.DirtiesContextTestExecutionListener, org.springframework.test.context.transaction.TransactionalTestExecutionListener, org.springframework.test.context.jdbc.SqlScriptsTestExecutionListener]
22:17:49.940 [Test worker] INFO org.springframework.boot.test.context.SpringBootTestContextBootstrapper - Using TestExecutionListeners: [org.springframework.test.context.web.ServletTestExecutionListener@35aac0a3, org.springframework.test.context.support.DirtiesContextBeforeModesTestExecutionListener@66cae1b6, org.springframework.boot.test.mock.mockito.MockitoTestExecutionListener@21d3ca69, org.springframework.boot.test.autoconfigure.SpringBootDependencyInjectionTestExecutionListener@3bd6393c, org.springframework.test.context.support.DirtiesContextTestExecutionListener@581a493d, org.springframework.test.context.transaction.TransactionalTestExecutionListener@69ecd4d9, org.springframework.test.context.jdbc.SqlScriptsTestExecutionListener@56d3db0f, org.springframework.boot.test.autoconfigure.restdocs.RestDocsTestExecutionListener@5c460730, org.springframework.boot.test.autoconfigure.web.client.MockRestServiceServerResetTestExecutionListener@569ffe24, org.springframework.boot.test.autoconfigure.web.servlet.MockMvcPrintOnlyOnFailureTestExecutionListener@59dab232, org.springframework.boot.test.autoconfigure.web.servlet.WebDriverTestExecutionListener@119901a5, org.springframework.boot.test.mock.mockito.ResetMocksTestExecutionListener@7d8aeb21]
22:17:49.947 [Test worker] DEBUG org.springframework.test.annotation.ProfileValueUtils - Retrieved @ProfileValueSourceConfiguration [null] for test class [com.project.gradle.springboot.web.IndexControllerTest]
22:17:49.948 [Test worker] DEBUG org.springframework.test.annotation.ProfileValueUtils - Retrieved ProfileValueSource type [class org.springframework.test.annotation.SystemProfileValueSource] for class [com.project.gradle.springboot.web.IndexControllerTest]
22:17:49.961 [Test worker] DEBUG org.springframework.test.annotation.ProfileValueUtils - Retrieved @ProfileValueSourceConfiguration [null] for test class [com.project.gradle.springboot.web.IndexControllerTest]
22:17:49.962 [Test worker] DEBUG org.springframework.test.annotation.ProfileValueUtils - Retrieved ProfileValueSource type [class org.springframework.test.annotation.SystemProfileValueSource] for class [com.project.gradle.springboot.web.IndexControllerTest]
22:17:49.967 [Test worker] DEBUG org.springframework.test.annotation.ProfileValueUtils - Retrieved @ProfileValueSourceConfiguration [null] for test class [com.project.gradle.springboot.web.IndexControllerTest]
22:17:49.968 [Test worker] DEBUG org.springframework.test.annotation.ProfileValueUtils - Retrieved ProfileValueSource type [class org.springframework.test.annotation.SystemProfileValueSource] for class [com.project.gradle.springboot.web.IndexControllerTest]
22:17:49.978 [Test worker] DEBUG org.springframework.test.context.support.AbstractDirtiesContextTestExecutionListener - Before test class: context [DefaultTestContext@22a653de testClass = IndexControllerTest, testInstance = [null], testMethod = [null], testException = [null], mergedContextConfiguration = [WebMergedContextConfiguration@5284b0a7 testClass = IndexControllerTest, locations = '{}', classes = '{class com.project.gradle.springboot.Application}', contextInitializerClasses = '[]', activeProfiles = '{}', propertySourceLocations = '{}', propertySourceProperties = '{org.springframework.boot.test.context.SpringBootTestContextBootstrapper=true, server.port=0}', contextCustomizers = set[org.springframework.boot.test.autoconfigure.properties.PropertyMappingContextCustomizer@0, org.springframework.boot.test.autoconfigure.web.servlet.WebDriverContextCustomizerFactory$Customizer@2342b3e, org.springframework.boot.test.context.filter.ExcludeFilterContextCustomizer@3e719e77, org.springframework.boot.test.json.DuplicateJsonObjectContextCustomizerFactory$DuplicateJsonObjectContextCustomizer@1587578a, org.springframework.boot.test.mock.mockito.MockitoContextCustomizer@0, org.springframework.boot.test.web.client.TestRestTemplateContextCustomizer@53d97c29], resourceBasePath = 'src/main/webapp', contextLoader = 'org.springframework.boot.test.context.SpringBootContextLoader', parent = [null]], attributes = map['org.springframework.test.context.web.ServletTestExecutionListener.activateListener' -> false]], class annotated with @DirtiesContext [false] with mode [null].
22:17:49.980 [Test worker] DEBUG org.springframework.test.annotation.ProfileValueUtils - Retrieved @ProfileValueSourceConfiguration [null] for test class [com.project.gradle.springboot.web.IndexControllerTest]
22:17:49.980 [Test worker] DEBUG org.springframework.test.annotation.ProfileValueUtils - Retrieved ProfileValueSource type [class org.springframework.test.annotation.SystemProfileValueSource] for class [com.project.gradle.springboot.web.IndexControllerTest]
22:17:50.006 [Test worker] DEBUG org.springframework.test.context.support.DependencyInjectionTestExecutionListener - Performing dependency injection for test context [[DefaultTestContext@22a653de testClass = IndexControllerTest, testInstance = com.project.gradle.springboot.web.IndexControllerTest@e4746aa, testMethod = [null], testException = [null], mergedContextConfiguration = [WebMergedContextConfiguration@5284b0a7 testClass = IndexControllerTest, locations = '{}', classes = '{class com.project.gradle.springboot.Application}', contextInitializerClasses = '[]', activeProfiles = '{}', propertySourceLocations = '{}', propertySourceProperties = '{org.springframework.boot.test.context.SpringBootTestContextBootstrapper=true, server.port=0}', contextCustomizers = set[org.springframework.boot.test.autoconfigure.properties.PropertyMappingContextCustomizer@0, org.springframework.boot.test.autoconfigure.web.servlet.WebDriverContextCustomizerFactory$Customizer@2342b3e, org.springframework.boot.test.context.filter.ExcludeFilterContextCustomizer@3e719e77, org.springframework.boot.test.json.DuplicateJsonObjectContextCustomizerFactory$DuplicateJsonObjectContextCustomizer@1587578a, org.springframework.boot.test.mock.mockito.MockitoContextCustomizer@0, org.springframework.boot.test.web.client.TestRestTemplateContextCustomizer@53d97c29], resourceBasePath = 'src/main/webapp', contextLoader = 'org.springframework.boot.test.context.SpringBootContextLoader', parent = [null]], attributes = map['org.springframework.test.context.web.ServletTestExecutionListener.activateListener' -> false]]].
22:17:50.061 [Test worker] DEBUG org.springframework.test.context.support.TestPropertySourceUtils - Adding inlined properties to environment: {spring.jmx.enabled=false, org.springframework.boot.test.context.SpringBootTestContextBootstrapper=true, server.port=0}

  .   ____          _            __ _ _
 /\\ / ___'_ __ _ _(_)_ __  __ _ \ \ \ \
( ( )\___ | '_ | '_| | '_ \/ _` | \ \ \ \
 \\/  ___)| |_)| | | | | || (_| |  ) ) ) )
  '  |____| .__|_| |_|_| |_\__, | / / / /
 =========|_|==============|___/=/_/_/_/
 :: Spring Boot ::        (v2.1.7.RELEASE)

2020-06-11 22:17:51.100  INFO 1884 --- [    Test worker] c.p.g.s.web.IndexControllerTest          : Starting IndexControllerTest on user with PID 1884 (started by userPC in C:\Users\userPC\Desktop\gradle_project)
2020-06-11 22:17:51.104  INFO 1884 --- [    Test worker] c.p.g.s.web.IndexControllerTest          : No active profile set, falling back to default profiles: default
2020-06-11 22:17:53.657  INFO 1884 --- [    Test worker] .s.d.r.c.RepositoryConfigurationDelegate : Bootstrapping Spring Data repositories in DEFAULT mode.
2020-06-11 22:17:53.840  INFO 1884 --- [    Test worker] .s.d.r.c.RepositoryConfigurationDelegate : Finished Spring Data repository scanning in 165ms. Found 1 repository interfaces.
2020-06-11 22:17:54.855  INFO 1884 --- [    Test worker] trationDelegate$BeanPostProcessorChecker : Bean 'org.springframework.transaction.annotation.ProxyTransactionManagementConfiguration' of type [org.springframework.transaction.annotation.ProxyTransactionManagementConfiguration$$EnhancerBySpringCGLIB$$a4488158] is not eligible for getting processed by all BeanPostProcessors (for example: not eligible for auto-proxying)
2020-06-11 22:17:56.105  INFO 1884 --- [    Test worker] o.s.b.w.embedded.tomcat.TomcatWebServer  : Tomcat initialized with port(s): 0 (http)
2020-06-11 22:17:56.169  INFO 1884 --- [    Test worker] o.apache.catalina.core.StandardService   : Starting service [Tomcat]
2020-06-11 22:17:56.170  INFO 1884 --- [    Test worker] org.apache.catalina.core.StandardEngine  : Starting Servlet engine: [Apache Tomcat/9.0.22]
2020-06-11 22:17:56.624  INFO 1884 --- [    Test worker] o.a.c.c.C.[Tomcat].[localhost].[/]       : Initializing Spring embedded WebApplicationContext
2020-06-11 22:17:56.624  INFO 1884 --- [    Test worker] o.s.web.context.ContextLoader            : Root WebApplicationContext: initialization completed in 5392 ms
2020-06-11 22:17:57.490  INFO 1884 --- [    Test worker] com.zaxxer.hikari.HikariDataSource       : HikariPool-1 - Starting...
2020-06-11 22:17:57.990  INFO 1884 --- [    Test worker] com.zaxxer.hikari.HikariDataSource       : HikariPool-1 - Start completed.
2020-06-11 22:17:58.314  INFO 1884 --- [    Test worker] o.hibernate.jpa.internal.util.LogHelper  : HHH000204: Processing PersistenceUnitInfo [
	name: default
	...]
2020-06-11 22:17:58.529  INFO 1884 --- [    Test worker] org.hibernate.Version                    : HHH000412: Hibernate Core {5.3.10.Final}
2020-06-11 22:17:58.534  INFO 1884 --- [    Test worker] org.hibernate.cfg.Environment            : HHH000206: hibernate.properties not found
2020-06-11 22:17:59.039  INFO 1884 --- [    Test worker] o.hibernate.annotations.common.Version   : HCANN000001: Hibernate Commons Annotations {5.0.4.Final}
2020-06-11 22:17:59.571  INFO 1884 --- [    Test worker] org.hibernate.dialect.Dialect            : HHH000400: Using dialect: org.hibernate.dialect.MySQL5InnoDBDialect
Hibernate: drop table if exists posts
Hibernate: create table posts (id bigint not null auto_increment, created_date datetime, modified_date datetime, author varchar(255), content TEXT not null, title varchar(500) not null, primary key (id)) engine=InnoDB
2020-06-11 22:18:01.584  INFO 1884 --- [    Test worker] o.h.t.schema.internal.SchemaCreatorImpl  : HHH000476: Executing import script 'org.hibernate.tool.schema.internal.exec.ScriptSourceInputNonExistentImpl@55cef6b5'
2020-06-11 22:18:01.594  INFO 1884 --- [    Test worker] j.LocalContainerEntityManagerFactoryBean : Initialized JPA EntityManagerFactory for persistence unit 'default'
2020-06-11 22:18:04.453  INFO 1884 --- [    Test worker] o.s.s.concurrent.ThreadPoolTaskExecutor  : Initializing ExecutorService 'applicationTaskExecutor'
2020-06-11 22:18:04.643  WARN 1884 --- [    Test worker] aWebConfiguration$JpaWebMvcConfiguration : spring.jpa.open-in-view is enabled by default. Therefore, database queries may be performed during view rendering. Explicitly configure spring.jpa.open-in-view to disable this warning
2020-06-11 22:18:04.836  INFO 1884 --- [    Test worker] o.s.b.a.w.s.WelcomePageHandlerMapping    : Adding welcome page template: index
2020-06-11 22:18:06.130  INFO 1884 --- [    Test worker] o.s.b.w.embedded.tomcat.TomcatWebServer  : Tomcat started on port(s): 64142 (http) with context path ''
2020-06-11 22:18:06.141  INFO 1884 --- [    Test worker] c.p.g.s.web.IndexControllerTest          : Started IndexControllerTest in 16.076 seconds (JVM running for 19.872)
2020-06-11 22:18:06.620  INFO 1884 --- [o-auto-1-exec-1] o.a.c.c.C.[Tomcat].[localhost].[/]       : Initializing Spring DispatcherServlet 'dispatcherServlet'
2020-06-11 22:18:06.621  INFO 1884 --- [o-auto-1-exec-1] o.s.web.servlet.DispatcherServlet        : Initializing Servlet 'dispatcherServlet'
2020-06-11 22:18:06.765  INFO 1884 --- [o-auto-1-exec-1] o.s.web.servlet.DispatcherServlet        : Completed initialization in 144 ms
]]></system-out>
  <system-err><![CDATA[]]></system-err>
</testsuite>
